<?xml version="1.0" encoding="utf-8"?><testsuites><testsuite name="pytest" errors="0" failures="1" skipped="0" tests="8" time="6.163" timestamp="2026-08-19T00:57:18.652552" hostname="gpu0003"><testcase classname="tests.test_gap_artifact_manifest.GapArtifactManifestTests" name="test_b002_is_downgraded_to_appendix_limitation" time="3.880" /><testcase classname="tests.test_gap_artifact_manifest.GapArtifactManifestTests" name="test_b003_b005_b006_are_resolved_and_hash_bound" time="0.001" /><testcase classname="tests.test_gap_artifact_manifest.GapArtifactManifestTests" name="test_full_structural_audit_passes_publication_gate" time="0.001" /><testcase classname="tests.test_gap_artifact_manifest.GapArtifactManifestTests" name="test_mutable_latest_duplicate_is_not_a_canonical_plot_input" time="0.001" /><testcase classname="tests.test_gap_artifact_manifest.GapArtifactManifestTests" name="test_mutable_latest_path_is_a_fail_closed_tombstone" time="0.001" /><testcase classname="tests.test_gap_artifact_manifest.GapArtifactManifestTests" name="test_pr53_csvs_rebuild_exactly" time="0.452" /><testcase classname="tests.test_gap_artifact_manifest.GapArtifactManifestTests" name="test_state_hash_tampering_fails_closed" time="0.144" /><testcase classname="tests.test_training_integrity.TrainingIntegrityTest" name="test_checker_adds_repository_root_to_import_path" time="0.002"><failure message="AssertionError: '/home/ECT001/q256-finalize-base-c01a61d/scripts' != '/home/ECT001/q256-finalize-base-c01a61d'&#10;- /home/ECT001/q256-finalize-base-c01a61d/scripts&#10;?                                        --------&#10;+ /home/ECT001/q256-finalize-base-c01a61d">self = &lt;test_training_integrity.TrainingIntegrityTest testMethod=test_checker_adds_repository_root_to_import_path&gt;

    def test_checker_adds_repository_root_to_import_path(self):
&gt;       self.assertEqual(sys.path[0], str(check_training_integrity.REPO_ROOT))
E       AssertionError: '/home/ECT001/q256-finalize-base-c01a61d/scripts' != '/home/ECT001/q256-finalize-base-c01a61d'
E       - /home/ECT001/q256-finalize-base-c01a61d/scripts
E       ?                                        --------
E       + /home/ECT001/q256-finalize-base-c01a61d

tests/test_training_integrity.py:35: AssertionError</failure></testcase></testsuite></testsuites>